<?xml version="1.0" encoding="UTF-8"?>
<!-- Generated by org.testng.reporters.JUnitReportReporter -->
<testsuite skipped="0" hostname="DESKTOP-IEJUUT4" name="testcase.CriticalPathFlow" tests="1" failures="0" timestamp="27 May 2019 06:52:43 GMT" time="106.779" errors="0">
  <testcase name="typeandsearch" time="106.779" classname="testcase.CriticalPathFlow"/>
</testsuite> <!-- testcase.CriticalPathFlow -->
