<?xml version="1.0" encoding="UTF-8"?>
<!-- Generated by org.testng.reporters.JUnitReportReporter -->
<testsuite skipped="0" hostname="DESKTOP-IEJUUT4" name="testcase.CriticalPathFlow" tests="1" failures="0" timestamp="26 May 2019 22:03:39 GMT" time="59.426" errors="0">
  <testcase name="typeandsearch" time="59.426" classname="testcase.CriticalPathFlow"/>
</testsuite> <!-- testcase.CriticalPathFlow -->
